{"C:\\Users\\simob\\Desktop\\trentose2\\area.js": {"path":"C:\\Users\\simob\\Desktop\\trentose2\\area.js","statementMap":{"0":{"start":{"line":2,"column":16},"end":{"line":2,"column":24}},"1":{"start":{"line":3,"column":16},"end":{"line":3,"column":24}},"2":{"start":{"line":5,"column":15},"end":{"line":5,"column":16}},"3":{"start":{"line":7,"column":4},"end":{"line":11,"column":5}},"4":{"start":{"line":8,"column":8},"end":{"line":8,"column":29}},"5":{"start":{"line":10,"column":8},"end":{"line":10,"column":18}},"6":{"start":{"line":13,"column":4},"end":{"line":13,"column":16}},"7":{"start":{"line":16,"column":0},"end":{"line":16,"column":25}}},"fnMap":{"0":{"name":"getArea","decl":{"start":{"line":1,"column":9},"end":{"line":1,"column":16}},"loc":{"start":{"line":1,"column":23},"end":{"line":14,"column":1}},"line":1}},"branchMap":{"0":{"loc":{"start":{"line":7,"column":4},"end":{"line":11,"column":5}},"type":"if","locations":[{"start":{"line":7,"column":4},"end":{"line":11,"column":5}},{"start":{"line":7,"column":4},"end":{"line":11,"column":5}}],"line":7},"1":{"loc":{"start":{"line":7,"column":7},"end":{"line":7,"column":30}},"type":"binary-expr","locations":[{"start":{"line":7,"column":7},"end":{"line":7,"column":17}},{"start":{"line":7,"column":21},"end":{"line":7,"column":30}}],"line":7}},"s":{"0":10,"1":10,"2":10,"3":10,"4":3,"5":7,"6":10,"7":1},"f":{"0":10},"b":{"0":[3,7],"1":[10,5]},"_coverageSchema":"332fd63041d2c1bcb487cc26dd0d5f7d97098a6c","hash":"f609749c9715d07c01ee70d3614c3a1688d9d244"}
}
